#
# A fatal error has been detected by the Java Runtime Environment:
#
#  EXCEPTION_ACCESS_VIOLATION (0xc0000005) at pc=0x000000005bdbb27d, pid=16212, tid=0x00000000000048e0
#
# JRE version: Java(TM) SE Runtime Environment (8.0_101-b13) (build 1.8.0_101-b13)
# Java VM: Java HotSpot(TM) 64-Bit Server VM (25.101-b13 mixed mode windows-amd64 compressed oops)
# Problematic frame:
# V  [jvm.dll+0x10b27d]
#
# Failed to write core dump. Minidumps are not enabled by default on client versions of Windows
#
# If you would like to submit a bug report, please visit:
#   http://bugreport.java.com/bugreport/crash.jsp
#

---------------  T H R E A D  ---------------

Current thread (0x00000000198ef000):  JavaThread "ForkJoinPool.commonPool-worker-1" daemon [_thread_in_Java, id=18656, stack(0x000000002a550000,0x000000002a650000)]

siginfo: ExceptionCode=0xc0000005, reading address 0x0000006e20158274

Registers:
RAX=0x0000000100ac11a0, RBX=0x000000005c2afd38, RCX=0x00000000e516a668, RDX=0x000000002760db60
RSP=0x000000002a64ece0, RBP=0x0000006e20158274, RSI=0x000000001ac63c68, RDI=0x00000000206445f0
R8 =0x000000000000dd10, R9 =0x000000001ed71030, R10=0x000000005c4ac0d0, R11=0x000000002a64ecd0
R12=0x0000000000000000, R13=0x000000002a64ed10, R14=0x000000002760db60, R15=0x00000000198ef000
RIP=0x000000005bdbb27d, EFLAGS=0x0000000000010202

Top of Stack: (sp=0x000000002a64ece0)
0x000000002a64ece0:   0000000000000060 000000001ac63c68
0x000000002a64ecf0:   00000000206445f0 0000000000000000
0x000000002a64ed00:   000000002a64ed70 00000000028e80e0
0x000000002a64ed10:   deaddeaf00000028 00000000e516a668
0x000000002a64ed20:   deaddeaf000005d8 00000000e517ca90
0x000000002a64ed30:   000000002a64ed30 00000000275b5472
0x000000002a64ed40:   000000002a64eda8 00000000275b5620
0x000000002a64ed50:   000000002760db60 00000000275b54d0
0x000000002a64ed60:   000000002a64ed10 000000002a64edb0
0x000000002a64ed70:   00000000e1e19d98 00000000065974ac
0x000000002a64ed80:   0000000000000000 0000000000000000
0x000000002a64ed90:   0000000000000000 0000000000000000
0x000000002a64eda0:   0000000000000000 0000000000000000
0x000000002a64edb0:   0000000000001e0e 0000000000001e0e
0x000000002a64edc0:   0000000100abb830 00000000e5151170
0x000000002a64edd0:   00000000e1e19d78 000000010001bcf8 

Instructions: (pc=0x000000005bdbb27d)
0x000000005bdbb25d:   24 40 48 83 c4 20 41 5e 41 5d 41 5c c3 cc cc cc
0x000000005bdbb26d:   cc cc cc 40 55 48 83 ec 20 48 8b a9 98 01 00 00
0x000000005bdbb27d:   8b 45 00 44 8d 04 02 45 85 c0 75 13 48 8b 05 18
0x000000005bdbb28d:   f5 6f 00 48 89 41 20 33 c0 48 83 c4 20 5d c3 85 


Register to memory mapping:

RAX=0x0000000100ac11a0 is pointing into metadata
RBX=0x000000005c2afd38 is an unknown value
RCX=0x00000000e516a668 is an oop
com.android.dx.io.instructions.OneRegisterDecodedInstruction 
 - klass: 'com/android/dx/io/instructions/OneRegisterDecodedInstruction'
RDX=0x000000002760db60 is pointing into metadata
RSP=0x000000002a64ece0 is pointing into the stack for thread: 0x00000000198ef000
RBP=0x0000006e20158274 is an unknown value
RSI=0x000000001ac63c68 is an unknown value
RDI=0x00000000206445f0 is an unknown value
R8 =0x000000000000dd10 is an unknown value
R9 =0x000000001ed71030 is an unknown value
R10=0x000000005c4ac0d0 is an unknown value
R11=0x000000002a64ecd0 is pointing into the stack for thread: 0x00000000198ef000
R12=0x0000000000000000 is an unknown value
R13=0x000000002a64ed10 is pointing into the stack for thread: 0x00000000198ef000
R14=0x000000002760db60 is pointing into metadata
R15=0x00000000198ef000 is a thread


Stack: [0x000000002a550000,0x000000002a650000],  sp=0x000000002a64ece0,  free space=1019k
Native frames: (J=compiled Java code, j=interpreted, Vv=VM code, C=native code)
V  [jvm.dll+0x10b27d]
C  0x00000000028e80e0


---------------  P R O C E S S  ---------------

Java Threads: ( => current thread )
  0x0000000020fd8000 JavaThread "ForkJoinPool.commonPool-worker-4" daemon [_thread_blocked, id=19680, stack(0x000000002b070000,0x000000002b170000)]
  0x0000000020fd2000 JavaThread "ForkJoinPool.commonPool-worker-11" daemon [_thread_in_Java, id=5016, stack(0x000000002aa70000,0x000000002ab70000)]
  0x0000000020fd4000 JavaThread "ForkJoinPool.commonPool-worker-2" daemon [_thread_blocked, id=468, stack(0x000000002ae70000,0x000000002af70000)]
  0x0000000020fd3800 JavaThread "ForkJoinPool.commonPool-worker-9" daemon [_thread_in_native, id=3736, stack(0x000000002a650000,0x000000002a750000)]
  0x000000001995f000 JavaThread "ForkJoinPool.commonPool-worker-0" daemon [_thread_blocked, id=17524, stack(0x000000002af70000,0x000000002b070000)]
  0x000000001995b800 JavaThread "ForkJoinPool.commonPool-worker-14" daemon [_thread_blocked, id=7320, stack(0x000000002ad70000,0x000000002ae70000)]
  0x000000001995d800 JavaThread "ForkJoinPool.commonPool-worker-5" daemon [_thread_in_Java, id=19604, stack(0x000000002ac70000,0x000000002ad70000)]
  0x000000001aac4800 JavaThread "ForkJoinPool.commonPool-worker-12" daemon [_thread_in_native, id=10136, stack(0x000000002ab70000,0x000000002ac70000)]
=>0x00000000198ef000 JavaThread "ForkJoinPool.commonPool-worker-1" daemon [_thread_in_Java, id=18656, stack(0x000000002a550000,0x000000002a650000)]
  0x00000000198ee000 JavaThread "Cache worker for Java compile cache (H:\Aaron\Project\ZhanHui\.gradle\4.1\javaCompile)" [_thread_blocked, id=17480, stack(0x000000002a050000,0x000000002a150000)]
  0x000000001fe35000 JavaThread "Task worker for ':' Thread 7" [_thread_blocked, id=20072, stack(0x0000000029f50000,0x000000002a050000)]
  0x000000001fe2e000 JavaThread "Task worker for ':' Thread 6" [_thread_blocked, id=18696, stack(0x0000000029d50000,0x0000000029e50000)]
  0x000000001fe31000 JavaThread "Task worker for ':' Thread 5" [_thread_blocked, id=20432, stack(0x0000000029c50000,0x0000000029d50000)]
  0x000000001fe2c800 JavaThread "Task worker for ':' Thread 4" [_thread_blocked, id=15136, stack(0x0000000029b50000,0x0000000029c50000)]
  0x000000001fe2f000 JavaThread "Task worker for ':' Thread 3" [_thread_blocked, id=1536, stack(0x0000000029a50000,0x0000000029b50000)]
  0x000000001fe27800 JavaThread "Task worker for ':' Thread 2" [_thread_blocked, id=19428, stack(0x0000000027720000,0x0000000027820000)]
  0x000000001fe2a800 JavaThread "Task worker for ':'" [_thread_blocked, id=19676, stack(0x0000000027090000,0x0000000027190000)]
  0x000000001b3ea000 JavaThread "Cache worker for task history cache (H:\Aaron\Project\ZhanHui\.gradle\4.1\taskHistory)" [_thread_blocked, id=20264, stack(0x0000000026f90000,0x0000000027090000)]
  0x000000001b3e9800 JavaThread "Cache worker for file content cache (H:\Aaron\Project\ZhanHui\.gradle\4.1\fileContent)" [_thread_blocked, id=19972, stack(0x0000000026e20000,0x0000000026f20000)]
  0x000000001b3eb800 JavaThread "build operations Thread 8" [_thread_blocked, id=20040, stack(0x0000000026060000,0x0000000026160000)]
  0x000000001b3eb000 JavaThread "build operations Thread 7" [_thread_blocked, id=19768, stack(0x0000000025a60000,0x0000000025b60000)]
  0x000000001b3e5800 JavaThread "build operations Thread 6" [_thread_blocked, id=19964, stack(0x0000000025960000,0x0000000025a60000)]
  0x000000001b3e8800 JavaThread "build operations Thread 5" [_thread_blocked, id=19172, stack(0x0000000024070000,0x0000000024170000)]
  0x000000001b3e7000 JavaThread "build operations Thread 4" [_thread_blocked, id=12940, stack(0x0000000022bf0000,0x0000000022cf0000)]
  0x000000001b3e8000 JavaThread "build operations Thread 3" [_thread_blocked, id=8572, stack(0x0000000022330000,0x0000000022430000)]
  0x000000001fa9f000 JavaThread "build operations Thread 2" [_thread_blocked, id=4876, stack(0x00000000221f0000,0x00000000222f0000)]
  0x000000001fa9a800 JavaThread "build operations" [_thread_blocked, id=16928, stack(0x0000000021490000,0x0000000021590000)]
  0x000000001fa9c800 JavaThread "Cache worker for Artifact transforms cache (C:\Users\Administrator\.gradle\caches\transforms-1)" [_thread_blocked, id=19896, stack(0x00000000203a0000,0x00000000204a0000)]
  0x000000001fa99000 JavaThread "Cache worker for file hash cache (H:\Aaron\Project\ZhanHui\.gradle\4.1\fileHashes)" [_thread_blocked, id=19096, stack(0x000000001cca0000,0x000000001cda0000)]
  0x000000001fa9c000 JavaThread "Stdin handler" [_thread_blocked, id=19692, stack(0x000000001c7a0000,0x000000001c8a0000)]
  0x000000001fa97800 JavaThread "Asynchronous log dispatcher for DefaultDaemonConnection: socket connection from /127.0.0.1:56848 to /127.0.0.1:60437" [_thread_blocked, id=17860, stack(0x000000001c5a0000,0x000000001c6a0000)]
  0x000000001fa94800 JavaThread "Daemon worker Thread 12" [_thread_blocked, id=20084, stack(0x000000001c4a0000,0x000000001c5a0000)]
  0x000000001fa96800 JavaThread "Cancel handler" [_thread_blocked, id=19564, stack(0x000000001c3a0000,0x000000001c4a0000)]
  0x000000001fa93000 JavaThread "Handler for socket connection from /127.0.0.1:56848 to /127.0.0.1:60437" [_thread_in_native, id=18608, stack(0x000000001c0a0000,0x000000001c1a0000)]
  0x000000001fa96000 JavaThread "Daemon Thread 12" [_thread_blocked, id=19004, stack(0x000000001bfa0000,0x000000001c0a0000)]
  0x000000001b3ec800 JavaThread "Java2D Disposer" daemon [_thread_blocked, id=19344, stack(0x000000002a750000,0x000000002a850000)]
  0x000000001fe28000 JavaThread "Memory manager" [_thread_blocked, id=9112, stack(0x0000000022af0000,0x0000000022bf0000)]
  0x000000001aac2800 JavaThread "File lock request listener" [_thread_in_native, id=7088, stack(0x000000001cba0000,0x000000001cca0000)]
  0x000000001aabf800 JavaThread "Cache worker for file hash cache (C:\Users\Administrator\.gradle\caches\4.1\fileHashes)" [_thread_blocked, id=5828, stack(0x000000001c8a0000,0x000000001c9a0000)]
  0x000000001a4c5000 JavaThread "Daemon periodic checks" [_thread_blocked, id=6780, stack(0x000000001bea0000,0x000000001bfa0000)]
  0x0000000019946000 JavaThread "Incoming local TCP Connector on port 56848" [_thread_in_native, id=2028, stack(0x000000001bd40000,0x000000001be40000)]
  0x000000001a389800 JavaThread "Daemon health stats" [_thread_blocked, id=8876, stack(0x000000001ba20000,0x000000001bb20000)]
  0x00000000186a9800 JavaThread "Service Thread" daemon [_thread_blocked, id=7284, stack(0x0000000019080000,0x0000000019180000)]
  0x0000000018617000 JavaThread "C1 CompilerThread3" daemon [_thread_blocked, id=9736, stack(0x0000000018f80000,0x0000000019080000)]
  0x0000000018610800 JavaThread "C2 CompilerThread2" daemon [_thread_blocked, id=10552, stack(0x0000000018e80000,0x0000000018f80000)]
  0x000000001860c000 JavaThread "C2 CompilerThread1" daemon [_thread_blocked, id=15168, stack(0x0000000018d80000,0x0000000018e80000)]
  0x0000000018604800 JavaThread "C2 CompilerThread0" daemon [_thread_blocked, id=2656, stack(0x0000000018c80000,0x0000000018d80000)]
  0x0000000018602800 JavaThread "Attach Listener" daemon [_thread_blocked, id=17088, stack(0x0000000018b80000,0x0000000018c80000)]
  0x00000000185b7000 JavaThread "Signal Dispatcher" daemon [_thread_blocked, id=12248, stack(0x0000000018a80000,0x0000000018b80000)]
  0x00000000028d8800 JavaThread "Finalizer" daemon [_thread_blocked, id=13216, stack(0x0000000018980000,0x0000000018a80000)]
  0x000000001669d800 JavaThread "Reference Handler" daemon [_thread_blocked, id=11280, stack(0x0000000018480000,0x0000000018580000)]
  0x00000000027e1000 JavaThread "main" [_thread_blocked, id=12608, stack(0x00000000026e0000,0x00000000027e0000)]

Other Threads:
  0x0000000016698800 VMThread [stack: 0x0000000018380000,0x0000000018480000] [id=10580]
  0x0000000018705000 WatcherThread [stack: 0x0000000019180000,0x0000000019280000] [id=16776]

VM state:not at safepoint (normal execution)

VM Mutex/Monitor currently owned by a thread: None

Heap:
 PSYoungGen      total 400384K, used 135946K [0x00000000e0000000, 0x00000000ff780000, 0x0000000100000000)
  eden space 285184K, 38% used [0x00000000e0000000,0x00000000e6b79418,0x00000000f1680000)
  from space 115200K, 22% used [0x00000000f8580000,0x00000000f9ec9600,0x00000000ff600000)
  to   space 113664K, 0% used [0x00000000f1680000,0x00000000f1680000,0x00000000f8580000)
 ParOldGen       total 394240K, used 231299K [0x00000000a0000000, 0x00000000b8100000, 0x00000000e0000000)
  object space 394240K, 58% used [0x00000000a0000000,0x00000000ae1e0d28,0x00000000b8100000)
 Metaspace       used 96213K, capacity 104254K, committed 105240K, reserved 1140736K
  class space    used 12169K, capacity 13927K, committed 14128K, reserved 1048576K

Card table byte_map: [0x0000000011ca0000,0x0000000011fb0000] byte_map_base: 0x00000000117a0000

Marking Bits: (ParMarkBitMap*) 0x000000005c4ca6d0
 Begin Bits: [0x00000000129b0000, 0x00000000141b0000)
 End Bits:   [0x00000000141b0000, 0x00000000159b0000)

Polling page: 0x0000000000a50000

CodeCache: size=245760Kb used=90653Kb max_used=91737Kb free=155106Kb
 bounds [0x00000000028e0000, 0x0000000008320000, 0x00000000118e0000]
 total_blobs=23734 nmethods=22771 adapters=873
 compilation: enabled

Compilation events (10 events):
Event: 7179.126 Thread 0x0000000018604800 nmethod 32458 0x0000000007fe6fd0 code [0x0000000007fe7240, 0x0000000007fe9030]
Event: 7179.127 Thread 0x000000001860c000 nmethod 32461 0x00000000052dff50 code [0x00000000052e0100, 0x00000000052e0670]
Event: 7179.201 Thread 0x0000000018610800 32462       4       java.util.Formatter$FormatSpecifier::addZeros (161 bytes)
Event: 7179.203 Thread 0x0000000018617000 32463       3       java.util.HashMap$TreeNode::untreeify (52 bytes)
Event: 7179.203 Thread 0x0000000018617000 nmethod 32463 0x0000000003202e10 code [0x0000000003202fa0, 0x0000000003203328]
Event: 7179.205 Thread 0x0000000018610800 nmethod 32462 0x000000000525cf90 code [0x000000000525d0e0, 0x000000000525d4b8]
Event: 7179.206 Thread 0x0000000018617000 32464       3       com.android.dx.io.instructions.InstructionCodec$36::encode (192 bytes)
Event: 7179.208 Thread 0x0000000018617000 nmethod 32464 0x0000000004b53490 code [0x0000000004b537c0, 0x0000000004b558b8]
Event: 7179.217 Thread 0x000000001860c000 32465       4       com.android.dx.io.instructions.ShortArrayCodeOutput::write (33 bytes)
Event: 7179.222 Thread 0x000000001860c000 nmethod 32465 0x0000000002c1c550 code [0x0000000002c1c6a0, 0x0000000002c1c8f8]

GC Heap History (10 events):
Event: 7169.813 GC heap before
{Heap before GC invocations=95 (full 6):
 PSYoungGen      total 403456K, used 327512K [0x00000000e0000000, 0x0000000100000000, 0x0000000100000000)
  eden space 278528K, 100% used [0x00000000e0000000,0x00000000f1000000,0x00000000f1000000)
  from space 124928K, 39% used [0x00000000f8600000,0x00000000fb5d61b0,0x0000000100000000)
  to   space 120832K, 0% used [0x00000000f1000000,0x00000000f1000000,0x00000000f8600000)
 ParOldGen       total 320512K, used 219291K [0x00000000a0000000, 0x00000000b3900000, 0x00000000e0000000)
  object space 320512K, 68% used [0x00000000a0000000,0x00000000ad626d88,0x00000000b3900000)
 Metaspace       used 96196K, capacity 104254K, committed 105240K, reserved 1140736K
  class space    used 12168K, capacity 13927K, committed 14128K, reserved 1048576K
Event: 7169.838 GC heap after
Heap after GC invocations=95 (full 6):
 PSYoungGen      total 311808K, used 32781K [0x00000000e0000000, 0x00000000ffa00000, 0x0000000100000000)
  eden space 278528K, 0% used [0x00000000e0000000,0x00000000e0000000,0x00000000f1000000)
  from space 33280K, 98% used [0x00000000f1000000,0x00000000f3003448,0x00000000f3080000)
  to   space 119808K, 0% used [0x00000000f8500000,0x00000000f8500000,0x00000000ffa00000)
 ParOldGen       total 320512K, used 245169K [0x00000000a0000000, 0x00000000b3900000, 0x00000000e0000000)
  object space 320512K, 76% used [0x00000000a0000000,0x00000000aef6c548,0x00000000b3900000)
 Metaspace       used 96196K, capacity 104254K, committed 105240K, reserved 1140736K
  class space    used 12168K, capacity 13927K, committed 14128K, reserved 1048576K
}
Event: 7170.518 GC heap before
{Heap before GC invocations=96 (full 6):
 PSYoungGen      total 311808K, used 304864K [0x00000000e0000000, 0x00000000ffa00000, 0x0000000100000000)
  eden space 278528K, 97% used [0x00000000e0000000,0x00000000f09b4cf8,0x00000000f1000000)
  from space 33280K, 98% used [0x00000000f1000000,0x00000000f3003448,0x00000000f3080000)
  to   space 119808K, 0% used [0x00000000f8500000,0x00000000f8500000,0x00000000ffa00000)
 ParOldGen       total 320512K, used 245169K [0x00000000a0000000, 0x00000000b3900000, 0x00000000e0000000)
  object space 320512K, 76% used [0x00000000a0000000,0x00000000aef6c548,0x00000000b3900000)
 Metaspace       used 96202K, capacity 104254K, committed 105240K, reserved 1140736K
  class space    used 12168K, capacity 13927K, committed 14128K, reserved 1048576K
Event: 7170.622 GC heap after
Heap after GC invocations=96 (full 6):
 PSYoungGen      total 397312K, used 14448K [0x00000000e0000000, 0x0000000100000000, 0x0000000100000000)
  eden space 277504K, 0% used [0x00000000e0000000,0x00000000e0000000,0x00000000f0f00000)
  from space 119808K, 12% used [0x00000000f8500000,0x00000000f931c010,0x00000000ffa00000)
  to   space 120832K, 0% used [0x00000000f0f00000,0x00000000f0f00000,0x00000000f8500000)
 ParOldGen       total 417792K, used 410575K [0x00000000a0000000, 0x00000000b9800000, 0x00000000e0000000)
  object space 417792K, 98% used [0x00000000a0000000,0x00000000b90f3e18,0x00000000b9800000)
 Metaspace       used 96202K, capacity 104254K, committed 105240K, reserved 1140736K
  class space    used 12168K, capacity 13927K, committed 14128K, reserved 1048576K
}
Event: 7170.622 GC heap before
{Heap before GC invocations=97 (full 7):
 PSYoungGen      total 397312K, used 14448K [0x00000000e0000000, 0x0000000100000000, 0x0000000100000000)
  eden space 277504K, 0% used [0x00000000e0000000,0x00000000e0000000,0x00000000f0f00000)
  from space 119808K, 12% used [0x00000000f8500000,0x00000000f931c010,0x00000000ffa00000)
  to   space 120832K, 0% used [0x00000000f0f00000,0x00000000f0f00000,0x00000000f8500000)
 ParOldGen       total 417792K, used 410575K [0x00000000a0000000, 0x00000000b9800000, 0x00000000e0000000)
  object space 417792K, 98% used [0x00000000a0000000,0x00000000b90f3e18,0x00000000b9800000)
 Metaspace       used 96202K, capacity 104254K, committed 105240K, reserved 1140736K
  class space    used 12168K, capacity 13927K, committed 14128K, reserved 1048576K
Event: 7170.829 GC heap after
Heap after GC invocations=97 (full 7):
 PSYoungGen      total 397312K, used 0K [0x00000000e0000000, 0x0000000100000000, 0x0000000100000000)
  eden space 277504K, 0% used [0x00000000e0000000,0x00000000e0000000,0x00000000f0f00000)
  from space 119808K, 0% used [0x00000000f8500000,0x00000000f8500000,0x00000000ffa00000)
  to   space 120832K, 0% used [0x00000000f0f00000,0x00000000f0f00000,0x00000000f8500000)
 ParOldGen       total 394240K, used 182755K [0x00000000a0000000, 0x00000000b8100000, 0x00000000e0000000)
  object space 394240K, 46% used [0x00000000a0000000,0x00000000ab278ef0,0x00000000b8100000)
 Metaspace       used 96202K, capacity 104254K, committed 105240K, reserved 1140736K
  class space    used 12168K, capacity 13927K, committed 14128K, reserved 1048576K
}
Event: 7176.387 GC heap before
{Heap before GC invocations=98 (full 7):
 PSYoungGen      total 397312K, used 277504K [0x00000000e0000000, 0x0000000100000000, 0x0000000100000000)
  eden space 277504K, 100% used [0x00000000e0000000,0x00000000f0f00000,0x00000000f0f00000)
  from space 119808K, 0% used [0x00000000f8500000,0x00000000f8500000,0x00000000ffa00000)
  to   space 120832K, 0% used [0x00000000f0f00000,0x00000000f0f00000,0x00000000f8500000)
 ParOldGen       total 394240K, used 182755K [0x00000000a0000000, 0x00000000b8100000, 0x00000000e0000000)
  object space 394240K, 46% used [0x00000000a0000000,0x00000000ab278ef0,0x00000000b8100000)
 Metaspace       used 96212K, capacity 104254K, committed 105240K, reserved 1140736K
  class space    used 12169K, capacity 13927K, committed 14128K, reserved 1048576K
Event: 7176.417 GC heap after
Heap after GC invocations=98 (full 7):
 PSYoungGen      total 398336K, used 48620K [0x00000000e0000000, 0x00000000ff600000, 0x0000000100000000)
  eden space 277504K, 0% used [0x00000000e0000000,0x00000000e0000000,0x00000000f0f00000)
  from space 120832K, 40% used [0x00000000f0f00000,0x00000000f3e7b2d8,0x00000000f8500000)
  to   space 115200K, 0% used [0x00000000f8580000,0x00000000f8580000,0x00000000ff600000)
 ParOldGen       total 394240K, used 182755K [0x00000000a0000000, 0x00000000b8100000, 0x00000000e0000000)
  object space 394240K, 46% used [0x00000000a0000000,0x00000000ab278ef0,0x00000000b8100000)
 Metaspace       used 96212K, capacity 104254K, committed 105240K, reserved 1140736K
  class space    used 12169K, capacity 13927K, committed 14128K, reserved 1048576K
}
Event: 7179.148 GC heap before
{Heap before GC invocations=99 (full 7):
 PSYoungGen      total 398336K, used 326124K [0x00000000e0000000, 0x00000000ff600000, 0x0000000100000000)
  eden space 277504K, 100% used [0x00000000e0000000,0x00000000f0f00000,0x00000000f0f00000)
  from space 120832K, 40% used [0x00000000f0f00000,0x00000000f3e7b2d8,0x00000000f8500000)
  to   space 115200K, 0% used [0x00000000f8580000,0x00000000f8580000,0x00000000ff600000)
 ParOldGen       total 394240K, used 182755K [0x00000000a0000000, 0x00000000b8100000, 0x00000000e0000000)
  object space 394240K, 46% used [0x00000000a0000000,0x00000000ab278ef0,0x00000000b8100000)
 Metaspace       used 96213K, capacity 104254K, committed 105240K, reserved 1140736K
  class space    used 12169K, capacity 13927K, committed 14128K, reserved 1048576K
Event: 7179.172 GC heap after
Heap after GC invocations=99 (full 7):
 PSYoungGen      total 400384K, used 25893K [0x00000000e0000000, 0x00000000ff780000, 0x0000000100000000)
  eden space 285184K, 0% used [0x00000000e0000000,0x00000000e0000000,0x00000000f1680000)
  from space 115200K, 22% used [0x00000000f8580000,0x00000000f9ec9600,0x00000000ff600000)
  to   space 113664K, 0% used [0x00000000f1680000,0x00000000f1680000,0x00000000f8580000)
 ParOldGen       total 394240K, used 231299K [0x00000000a0000000, 0x00000000b8100000, 0x00000000e0000000)
  object space 394240K, 58% used [0x00000000a0000000,0x00000000ae1e0d28,0x00000000b8100000)
 Metaspace       used 96213K, capacity 104254K, committed 105240K, reserved 1140736K
  class space    used 12169K, capacity 13927K, committed 14128K, reserved 1048576K
}

Deoptimization events (10 events):
Event: 7169.846 Thread 0x000000001aac4800 Uncommon trap: reason=unstable_if action=reinterpret pc=0x00000000064784fc method=com.android.dex.Mutf8.encode([BILjava/lang/String;)V @ 24
Event: 7169.848 Thread 0x000000001995f000 Uncommon trap: reason=unstable_if action=reinterpret pc=0x00000000063f9668 method=com.android.dex.Mutf8.countBytes(Ljava/lang/String;Z)J @ 28
Event: 7169.848 Thread 0x000000001995f000 Uncommon trap: reason=unstable_if action=reinterpret pc=0x0000000006477cc0 method=com.android.dex.Mutf8.countBytes(Ljava/lang/String;Z)J @ 28
Event: 7169.872 Thread 0x000000001aac4800 Uncommon trap: reason=null_check action=make_not_entrant pc=0x0000000006dcf274 method=java.util.TimSort.reverseRange([Ljava/lang/Object;II)V @ 27
Event: 7169.872 Thread 0x000000001aac4800 Uncommon trap: reason=array_check action=maybe_recompile pc=0x00000000049e8ec4 method=java.util.TimSort.mergeHi(IIII)V @ 282
Event: 7169.872 Thread 0x000000001aac4800 Uncommon trap: reason=unstable_if action=reinterpret pc=0x00000000049e90b0 method=java.util.TimSort.mergeHi(IIII)V @ 584
Event: 7169.872 Thread 0x000000001aac4800 Uncommon trap: reason=unstable_if action=reinterpret pc=0x0000000007c4512c method=java.util.TimSort.mergeLo(IIII)V @ 529
Event: 7179.070 Thread 0x0000000020fd8000 Uncommon trap: reason=unstable_if action=reinterpret pc=0x000000000830d974 method=sun.misc.FormattedFloatingDecimal.applyPrecision(I[CII)I @ 6
Event: 7179.230 Thread 0x000000001995d800 Uncommon trap: reason=unstable_if action=reinterpret pc=0x000000000580cb6c method=java.nio.Bits.copyToArray(JLjava/lang/Object;JJJ)V @ 19
Event: 7179.231 Thread 0x00000000198ef000 Uncommon trap: reason=bimorphic action=maybe_recompile pc=0x000000000659f2fc method=com.android.dx.merge.InstructionTransformer$TypeVisitor.visit([Lcom/android/dx/io/instructions/DecodedInstruction;Lcom/android/dx/io/instructions/DecodedInstruction;)V @ 58×•|Ø¼@

Internal exceptions (10 events):
Event: 7165.580 Thread 0x000000001995f000 Exception <a 'sun/nio/fs/WindowsException'> (0x00000000ec486970) thrown at [C:\re\workspace\8-2-build-windows-amd64-cygwin\jdk8u101\7261\hotspot\src\share\vm\prims\jni.cpp, line 709]
Event: 7165.596 Thread 0x000000001995f000 Exception <a 'sun/nio/fs/WindowsException'> (0x00000000ed673380) thrown at [C:\re\workspace\8-2-build-windows-amd64-cygwin\jdk8u101\7261\hotspot\src\share\vm\prims\jni.cpp, line 709]
Event: 7165.604 Thread 0x000000001995f000 Exception <a 'sun/nio/fs/WindowsException'> (0x00000000edbbfcd0) thrown at [C:\re\workspace\8-2-build-windows-amd64-cygwin\jdk8u101\7261\hotspot\src\share\vm\prims\jni.cpp, line 709]
Event: 7165.609 Thread 0x000000001995f000 Exception <a 'sun/nio/fs/WindowsException'> (0x00000000eddcaef0) thrown at [C:\re\workspace\8-2-build-windows-amd64-cygwin\jdk8u101\7261\hotspot\src\share\vm\prims\jni.cpp, line 709]
Event: 7165.629 Thread 0x000000001aac4000 Exception <a 'sun/nio/fs/WindowsException'> (0x00000000ee3fb4c8) thrown at [C:\re\workspace\8-2-build-windows-amd64-cygwin\jdk8u101\7261\hotspot\src\share\vm\prims\jni.cpp, line 709]
Event: 7165.758 Thread 0x000000001aac4000 Exception <a 'sun/nio/fs/WindowsException'> (0x00000000e0148658) thrown at [C:\re\workspace\8-2-build-windows-amd64-cygwin\jdk8u101\7261\hotspot\src\share\vm\prims\jni.cpp, line 709]
Event: 7165.867 Thread 0x000000001aac4000 Exception <a 'sun/nio/fs/WindowsException'> (0x00000000e31898b8) thrown at [C:\re\workspace\8-2-build-windows-amd64-cygwin\jdk8u101\7261\hotspot\src\share\vm\prims\jni.cpp, line 709]
Event: 7165.871 Thread 0x000000001aac4000 Exception <a 'sun/nio/fs/WindowsException'> (0x00000000e31f20a0) thrown at [C:\re\workspace\8-2-build-windows-amd64-cygwin\jdk8u101\7261\hotspot\src\share\vm\prims\jni.cpp, line 709]
Event: 7165.873 Thread 0x000000001aac4000 Exception <a 'sun/nio/fs/WindowsException'> (0x00000000e320eb58) thrown at [C:\re\workspace\8-2-build-windows-amd64-cygwin\jdk8u101\7261\hotspot\src\share\vm\prims\jni.cpp, line 709]
Event: 7169.872 Thread 0x000000001aac4800 Implicit null exception at 0x0000000006dcec46 to 0x0000000006dcf245

Events (10 events):
Event: 7179.209 Thread 0x0000000018617000 flushing nmethod 0x0000000007399dd0
Event: 7179.209 Thread 0x0000000018617000 flushing nmethod 0x00000000073a1210
Event: 7179.209 Thread 0x0000000018617000 flushing nmethod 0x00000000073e5f10
Event: 7179.224 Thread 0x000000001860c000 flushing nmethod 0x0000000007d9ac10
Event: 7179.230 Thread 0x000000001995d800 Uncommon trap: trap_request=0xffffff65 fr.pc=0x000000000580cb6c
Event: 7179.230 Thread 0x000000001995d800 DEOPT PACKING pc=0x000000000580cb6c sp=0x000000002ad6eac0
Event: 7179.230 Thread 0x000000001995d800 DEOPT UNPACKING pc=0x000000000292582a sp=0x000000002ad6e890 mode 2
Event: 7179.230 Thread 0x00000000198ef000 Uncommon trap: trap_request=0xffffffc6 fr.pc=0x000000000659f2fc
Event: 7179.231 Thread 0x00000000198ef000 DEOPT PACKING pc=0x000000000659f2fc sp=0x000000002a64ed40
Event: 7179.231 Thread 0x00000000198ef000 DEOPT UNPACKING pc=0x000000000292582a sp=0x000000002a64ece0 mode 2


Dynamic libraries:
0x00007ff741a10000 - 0x00007ff741a47000 	C:\Program Files\Java\jdk1.8.0_101\bin\java.exe
0x00007ff979230000 - 0x00007ff9793d9000 	C:\Windows\SYSTEM32\ntdll.dll
0x00007ff976f80000 - 0x00007ff9770b9000 	C:\Windows\system32\KERNEL32.DLL
0x00007ff9767d0000 - 0x00007ff9768de000 	C:\Windows\system32\KERNELBASE.dll
0x00007ff975040000 - 0x00007ff9750cb000 	C:\Windows\system32\apphelp.dll
0x00007ff96b9a0000 - 0x00007ff96b9ef000 	C:\Windows\AppPatch\AppPatch64\AcGenral.DLL
0x00007ff976dc0000 - 0x00007ff976e67000 	C:\Windows\system32\msvcrt.dll
0x00007ff9762d0000 - 0x00007ff9762fb000 	C:\Windows\SYSTEM32\SspiCli.dll
0x00007ff976b70000 - 0x00007ff976bc1000 	C:\Windows\system32\SHLWAPI.dll
0x00007ff9770c0000 - 0x00007ff977231000 	C:\Windows\system32\USER32.dll
0x00007ff977860000 - 0x00007ff9779d6000 	C:\Windows\system32\ole32.dll
0x00007ff977e10000 - 0x00007ff97921f000 	C:\Windows\system32\SHELL32.dll
0x00007ff975c20000 - 0x00007ff975c3f000 	C:\Windows\SYSTEM32\USERENV.dll
0x00007ff976ac0000 - 0x00007ff976b65000 	C:\Windows\system32\ADVAPI32.dll
0x00007ff96eab0000 - 0x00007ff96eacb000 	C:\Windows\SYSTEM32\MPR.dll
0x00007ff9776c0000 - 0x00007ff9777f6000 	C:\Windows\system32\RPCRT4.dll
0x00007ff977240000 - 0x00007ff977297000 	C:\Windows\SYSTEM32\sechost.dll
0x00007ff976be0000 - 0x00007ff976db7000 	C:\Windows\SYSTEM32\combase.dll
0x00007ff9772d0000 - 0x00007ff977415000 	C:\Windows\system32\GDI32.dll
0x00007ff9765b0000 - 0x00007ff9765c4000 	C:\Windows\SYSTEM32\profapi.dll
0x00007ff974a20000 - 0x00007ff974ac1000 	C:\Windows\SYSTEM32\SHCORE.dll
0x00007ff977a40000 - 0x00007ff977a74000 	C:\Windows\system32\IMM32.DLL
0x00007ff977420000 - 0x00007ff977558000 	C:\Windows\system32\MSCTF.dll
0x00007ff973050000 - 0x00007ff9732aa000 	C:\Windows\WinSxS\amd64_microsoft.windows.common-controls_6595b64144ccf1df_6.0.9600.16384_none_62475f7becb72503\COMCTL32.dll
0x000000005c550000 - 0x000000005c622000 	C:\Program Files\Java\jdk1.8.0_101\jre\bin\msvcr100.dll
0x000000005bcb0000 - 0x000000005c54a000 	C:\Program Files\Java\jdk1.8.0_101\jre\bin\server\jvm.dll
0x00007ff96f850000 - 0x00007ff96f859000 	C:\Windows\SYSTEM32\WSOCK32.dll
0x00007ff9743f0000 - 0x00007ff97440f000 	C:\Windows\SYSTEM32\WINMM.dll
0x00007ff975500000 - 0x00007ff97550a000 	C:\Windows\SYSTEM32\VERSION.dll
0x00007ff976bd0000 - 0x00007ff976bd7000 	C:\Windows\system32\PSAPI.DLL
0x00007ff9779e0000 - 0x00007ff977a38000 	C:\Windows\system32\WS2_32.dll
0x00007ff974370000 - 0x00007ff97439a000 	C:\Windows\SYSTEM32\WINMMBASE.dll
0x00007ff977c60000 - 0x00007ff977c69000 	C:\Windows\system32\NSI.dll
0x00007ff976730000 - 0x00007ff97677a000 	C:\Windows\SYSTEM32\cfgmgr32.dll
0x00007ff975290000 - 0x00007ff9752b6000 	C:\Windows\SYSTEM32\DEVOBJ.dll
0x000000005bca0000 - 0x000000005bcaf000 	C:\Program Files\Java\jdk1.8.0_101\jre\bin\verify.dll
0x000000005bc70000 - 0x000000005bc99000 	C:\Program Files\Java\jdk1.8.0_101\jre\bin\java.dll
0x000000005bc50000 - 0x000000005bc66000 	C:\Program Files\Java\jdk1.8.0_101\jre\bin\zip.dll
0x000000005bc30000 - 0x000000005bc4a000 	C:\Program Files\Java\jdk1.8.0_101\jre\bin\net.dll
0x00007ff975ec0000 - 0x00007ff975f18000 	C:\Windows\system32\mswsock.dll
0x000000005bc10000 - 0x000000005bc21000 	C:\Program Files\Java\jdk1.8.0_101\jre\bin\nio.dll
0x00007ff96b9f0000 - 0x00007ff96ba0e000 	C:\Users\Administrator\.gradle\native\25\windows-amd64\native-platform.dll
0x000000005bc00000 - 0x000000005bc0d000 	C:\Program Files\Java\jdk1.8.0_101\jre\bin\management.dll
0x00007ff975f20000 - 0x00007ff975f3e000 	C:\Windows\SYSTEM32\CRYPTSP.dll
0x00007ff975b10000 - 0x00007ff975b45000 	C:\Windows\system32\rsaenh.dll
0x00007ff976150000 - 0x00007ff976176000 	C:\Windows\SYSTEM32\bcrypt.dll
0x00007ff976490000 - 0x00007ff9764ee000 	C:\Windows\system32\bcryptprimitives.dll
0x00007ff9764f0000 - 0x00007ff9764fa000 	C:\Windows\SYSTEM32\CRYPTBASE.dll
0x00007ff970200000 - 0x00007ff970229000 	C:\Windows\SYSTEM32\IPHLPAPI.DLL
0x00007ff9700c0000 - 0x00007ff9700ca000 	C:\Windows\SYSTEM32\WINNSI.DLL
0x00007ff96fa60000 - 0x00007ff96fa74000 	C:\Windows\SYSTEM32\dhcpcsvc6.DLL
0x00007ff96f770000 - 0x00007ff96f789000 	C:\Windows\SYSTEM32\dhcpcsvc.DLL
0x000000005bbd0000 - 0x000000005bbf4000 	C:\Program Files\Java\jdk1.8.0_101\jre\bin\sunec.dll
0x00007ff975510000 - 0x00007ff97568a000 	C:\Program Files (x86)\Sangfor\SSL\ClientComponent2\SangforTcpX64.dll
0x00007ff977600000 - 0x00007ff9776b7000 	C:\Windows\system32\OLEAUT32.dll
0x00007ff976780000 - 0x00007ff9767ce000 	C:\Windows\system32\WINTRUST.dll
0x00007ff9768e0000 - 0x00007ff976ab7000 	C:\Windows\system32\CRYPT32.dll
0x00007ff976660000 - 0x00007ff976672000 	C:\Windows\system32\MSASN1.dll
0x00007ff96a800000 - 0x00007ff96a826000 	C:\Program Files (x86)\Sangfor\SSL\ClientComponent2\SangforNspX64.dll
0x00007ff975cd0000 - 0x00007ff975d73000 	C:\Windows\SYSTEM32\DNSAPI.dll
0x000000005eef0000 - 0x000000005ef16000 	C:\Program Files\Bonjour\mdnsNSP.dll
0x00007ff96a460000 - 0x00007ff96a469000 	C:\Windows\System32\rasadhlp.dll
0x00007ff96fd20000 - 0x00007ff96fd87000 	C:\Windows\System32\fwpuclnt.dll
0x000000005bbc0000 - 0x000000005bbcb000 	C:\Program Files\Java\jdk1.8.0_101\jre\bin\sunmscapi.dll
0x00007ff96a7e0000 - 0x00007ff96a7f4000 	C:\Windows\system32\napinsp.dll
0x00007ff96a7c0000 - 0x00007ff96a7d9000 	C:\Windows\system32\pnrpnsp.dll
0x00007ff970d60000 - 0x00007ff970d79000 	C:\Windows\system32\NLAapi.dll
0x00007ff96a7b0000 - 0x00007ff96a7bc000 	C:\Windows\System32\winrnr.dll
0x000000005ba20000 - 0x000000005bbb8000 	C:\Program Files\Java\jdk1.8.0_101\jre\bin\awt.dll
0x00007ff974840000 - 0x00007ff974861000 	C:\Windows\system32\DWMAPI.DLL
0x00007ff975110000 - 0x00007ff975232000 	C:\Windows\system32\uxtheme.dll
0x000000005b9f0000 - 0x000000005ba1a000 	C:\Program Files\Java\jdk1.8.0_101\jre\bin\dcpr.dll
0x00007ff96ba90000 - 0x00007ff96bc18000 	C:\Windows\SYSTEM32\dbghelp.dll

VM Arguments:
jvm_args: -Xmx1536m -Dfile.encoding=GBK -Duser.country=CN -Duser.language=zh -Duser.variant 
java_command: org.gradle.launcher.daemon.bootstrap.GradleDaemon 4.1
java_class_path (initial): C:\Users\Administrator\.gradle\wrapper\dists\gradle-4.1-all\bzyivzo6n839fup2jbap0tjew\gradle-4.1\lib\gradle-launcher-4.1.jar
Launcher Type: SUN_STANDARD

Environment Variables:
JAVA_HOME=C:\Program Files\Java\jdk1.8.0_101
CLASSPATH=.;C:\Program Files\Java\jdk1.8.0_101\lib;C:\Program Files\Java\jdk1.8.0_101\lib\tools.jar;C:\Program Files\Apache Software Foundation\Tomcat 9.0\lib\servlet-api.jar;
PATH=C:\ProgramData\Oracle\Java\javapath;C:\Windows\system32;C:\Windows;C:\Windows\System32\Wbem;C:\Windows\System32\WindowsPowerShell\v1.0\;C:\Program Files (x86)\NVIDIA Corporation\PhysX\CommonC:\Program Files\Java\jdk1.8.0_101\bin;C:\Program Files\Java\jdk1.8.0_101\jre\bin;C:\Program Files (x86)\Skype\Phone\;C:\Program Files\Apache Software Foundation\Tomcat 9.0\bin;C:\Program Files\Apache Software Foundation\Tomcat 9.0\lib;H:\Aaron\mysql-5.7.20-winx64\mysql-5.7.20-winx64\bin;C:\Program Files (x86)\NVIDIA Corporation\PhysX\Common;C:\Users\Administrator\AppData\Local\GitHubDesktop\bin
USERNAME=Administrator
OS=Windows_NT
PROCESSOR_IDENTIFIER=Intel64 Family 6 Model 60 Stepping 3, GenuineIntel



---------------  S Y S T E M  ---------------

OS: Windows 8.1 , 64 bit Build 9600 (6.3.9600.16656)

CPU:total 8 (4 cores per cpu, 2 threads per core) family 6 model 60 stepping 3, cmov, cx8, fxsr, mmx, sse, sse2, sse3, ssse3, sse4.1, sse4.2, popcnt, avx, avx2, aes, clmul, erms, lzcnt, ht, tsc, tscinvbit, bmi1, bmi2

Memory: 4k page, physical 8338704k(662560k free), swap 13319884k(3042628k free)

vm_info: Java HotSpot(TM) 64-Bit Server VM (25.101-b13) for windows-amd64 JRE (1.8.0_101-b13), built on Jun 22 2016 01:21:29 by "java_re" with MS VC++ 10.0 (VS2010)

time: Wed Dec 27 15:47:50 2017
elapsed time: 7179 seconds (0d 1h 59m 39s)

