#
# A fatal error has been detected by the Java Runtime Environment:
#
#  Internal Error (ciMethodData.cpp:209), pid=13132, tid=0x0000000000000eb0
#  Error: ShouldNotReachHere()
#
# JRE version: OpenJDK Runtime Environment (8.0_152-b01) (build 1.8.0_152-release-915-b01)
# Java VM: OpenJDK 64-Bit Server VM (25.152-b01 mixed mode windows-amd64 compressed oops)
# Failed to write core dump. Minidumps are not enabled by default on client versions of Windows
#
# If you would like to submit a bug report, please visit:
#   http://bugreport.java.com/bugreport/crash.jsp
#

---------------  T H R E A D  ---------------

Current thread (0x000000001ac7c000):  JavaThread "C2 CompilerThread0" daemon [_thread_in_vm, id=3760, stack(0x000000001b340000,0x000000001b440000)]

Stack: [0x000000001b340000,0x000000001b440000]
[error occurred during error reporting (printing stack bounds), id 0xc0000005]

Native frames: (J=compiled Java code, j=interpreted, Vv=VM code, C=native code)


Current CompileTask:
C2:9010037 33313   !   4       java.io.ObjectStreamClass::lookup (335 bytes)


---------------  P R O C E S S  ---------------

Java Threads: ( => current thread )
  0x00000000220cd800 JavaThread "Task worker for ':' Thread 7" [_thread_blocked, id=4636, stack(0x0000000046b00000,0x0000000046c00000)]
  0x00000000220d3000 JavaThread "Task worker for ':' Thread 6" [_thread_blocked, id=12984, stack(0x0000000046a00000,0x0000000046b00000)]
  0x00000000220d2000 JavaThread "Task worker for ':' Thread 5" [_thread_blocked, id=10832, stack(0x0000000046900000,0x0000000046a00000)]
  0x00000000220ce800 JavaThread "Task worker for ':' Thread 4" [_thread_blocked, id=12920, stack(0x0000000046800000,0x0000000046900000)]
  0x00000000220cd000 JavaThread "Task worker for ':' Thread 3" [_thread_blocked, id=5740, stack(0x0000000046700000,0x0000000046800000)]
  0x00000000220ca800 JavaThread "Task worker for ':' Thread 2" [_thread_blocked, id=15444, stack(0x0000000046600000,0x0000000046700000)]
  0x00000000220cb800 JavaThread "Task worker for ':'" [_thread_in_native, id=14388, stack(0x0000000046500000,0x0000000046600000)]
  0x00000000220d1800 JavaThread "Cache worker for task history cache (H:\Aaron\Project\ZhanHui\.gradle\4.1\taskHistory)" [_thread_blocked, id=3924, stack(0x0000000046400000,0x0000000046500000)]
  0x00000000220c9800 JavaThread "Cache worker for file content cache (H:\Aaron\Project\ZhanHui\.gradle\4.1\fileContent)" [_thread_blocked, id=15624, stack(0x0000000046300000,0x0000000046400000)]
  0x00000000220d0800 JavaThread "build operations Thread 8" [_thread_blocked, id=11040, stack(0x0000000046200000,0x0000000046300000)]
  0x00000000220c9000 JavaThread "build operations Thread 7" [_thread_blocked, id=15612, stack(0x0000000046100000,0x0000000046200000)]
  0x0000000026937800 JavaThread "build operations Thread 6" [_thread_blocked, id=10312, stack(0x0000000046000000,0x0000000046100000)]
  0x0000000026937000 JavaThread "build operations Thread 5" [_thread_blocked, id=8916, stack(0x0000000045f00000,0x0000000046000000)]
  0x0000000026936000 JavaThread "build operations Thread 4" [_thread_blocked, id=15956, stack(0x0000000045e00000,0x0000000045f00000)]
  0x0000000026938800 JavaThread "build operations Thread 3" [_thread_blocked, id=2364, stack(0x0000000045d00000,0x0000000045e00000)]
  0x0000000026934800 JavaThread "build operations Thread 2" [_thread_blocked, id=14924, stack(0x0000000045c00000,0x0000000045d00000)]
  0x000000002692c800 JavaThread "build operations" [_thread_blocked, id=10084, stack(0x0000000045b00000,0x0000000045c00000)]
  0x0000000026930000 JavaThread "Cache worker for Artifact transforms cache (C:\Users\Administrator\.gradle\caches\transforms-1)" [_thread_blocked, id=12944, stack(0x0000000045a00000,0x0000000045b00000)]
  0x000000002692f800 JavaThread "Cache worker for file hash cache (H:\Aaron\Project\ZhanHui\.gradle\4.1\fileHashes)" [_thread_blocked, id=11404, stack(0x0000000045900000,0x0000000045a00000)]
  0x000000002692e800 JavaThread "Stdin handler" [_thread_blocked, id=4712, stack(0x0000000045800000,0x0000000045900000)]
  0x000000002692a000 JavaThread "Asynchronous log dispatcher for DefaultDaemonConnection: socket connection from /127.0.0.1:55219 to /127.0.0.1:54081" [_thread_blocked, id=15340, stack(0x0000000045700000,0x0000000045800000)]
  0x0000000026931000 JavaThread "Cancel handler" [_thread_blocked, id=15156, stack(0x0000000045600000,0x0000000045700000)]
  0x000000002692b800 JavaThread "Handler for socket connection from /127.0.0.1:55219 to /127.0.0.1:54081" [_thread_in_native, id=10924, stack(0x0000000045500000,0x0000000045600000)]
  0x000000001c195000 JavaThread "Daemon worker Thread 31" [_thread_blocked, id=6164, stack(0x000000003eb00000,0x000000003ec00000)]
  0x000000001c193800 JavaThread "Daemon Thread 31" [_thread_blocked, id=12792, stack(0x000000003e800000,0x000000003e900000)]
  0x000000001c191800 JavaThread "Memory manager" [_thread_blocked, id=14692, stack(0x0000000025180000,0x0000000025280000)]
  0x000000001c71e800 JavaThread "File lock request listener" [_thread_in_native, id=3596, stack(0x000000001f190000,0x000000001f290000)]
  0x000000001ce3a000 JavaThread "Cache worker for file hash cache (C:\Users\Administrator\.gradle\caches\4.1\fileHashes)" [_thread_blocked, id=5160, stack(0x000000001ee90000,0x000000001ef90000)]
  0x000000001cd36800 JavaThread "Daemon periodic checks" [_thread_blocked, id=14520, stack(0x000000001e490000,0x000000001e590000)]
  0x000000001cb64000 JavaThread "Incoming local TCP Connector on port 55219" [_thread_in_native, id=6980, stack(0x000000001d110000,0x000000001d210000)]
  0x000000001ad62000 JavaThread "Service Thread" daemon [_thread_blocked, id=9908, stack(0x000000001b740000,0x000000001b840000)]
  0x000000001acd8000 JavaThread "C1 CompilerThread3" daemon [_thread_blocked, id=14104, stack(0x000000001b640000,0x000000001b740000)]
  0x0000000018d8d800 JavaThread "C2 CompilerThread2" daemon [_thread_in_native, id=9576, stack(0x000000001b540000,0x000000001b640000)]
  0x0000000018d8b800 JavaThread "C2 CompilerThread1" daemon [_thread_blocked, id=5000, stack(0x000000001b440000,0x000000001b540000)]
=>0x000000001ac7c000 JavaThread "C2 CompilerThread0" daemon [_thread_in_vm, id=3760, stack(0x000000001b340000,0x000000001b440000)]
  0x000000001ac7a000 JavaThread "Attach Listener" daemon [_thread_blocked, id=2292, stack(0x000000001b240000,0x000000001b340000)]
  0x000000001acd0000 JavaThread "Signal Dispatcher" daemon [_thread_blocked, id=11512, stack(0x000000001b140000,0x000000001b240000)]
  0x0000000018d81000 JavaThread "Finalizer" daemon [_thread_blocked, id=11064, stack(0x000000001b040000,0x000000001b140000)]
  0x0000000004eb6000 JavaThread "Reference Handler" daemon [_thread_blocked, id=6324, stack(0x000000001ab40000,0x000000001ac40000)]
  0x0000000004fbe000 JavaThread "main" [_thread_blocked, id=13624, stack(0x0000000004910000,0x0000000004a10000)]

Other Threads:
  0x0000000018d77800 VMThread [stack: 0x000000001aa40000,0x000000001ab40000] [id=6404]
  0x000000001ad73000 WatcherThread [stack: 0x000000001b840000,0x000000001b940000] [id=8660]

VM state:not at safepoint (normal execution)

VM Mutex/Monitor currently owned by a thread: None

Heap:
 PSYoungGen      total 345088K, used 138681K [0x00000000e0000000, 0x00000000fdf00000, 0x0000000100000000)
  eden space 332800K, 38% used [0x00000000e0000000,0x00000000e7babd90,0x00000000f4500000)
  from space 12288K, 98% used [0x00000000f5080000,0x00000000f5c42a68,0x00000000f5c80000)
  to   space 78848K, 0% used [0x00000000f9200000,0x00000000f9200000,0x00000000fdf00000)
 ParOldGen       total 264704K, used 110587K [0x00000000a0000000, 0x00000000b0280000, 0x00000000e0000000)
  object space 264704K, 41% used [0x00000000a0000000,0x00000000a6bfef68,0x00000000b0280000)
 Metaspace       used 89492K, capacity 99998K, committed 102036K, reserved 1136640K
  class space    used 11142K, capacity 13860K, committed 14268K, reserved 1048576K

Card table byte_map: [0x0000000014380000,0x0000000014690000] byte_map_base: 0x0000000013e80000

Marking Bits: (ParMarkBitMap*) 0x00000000633f3950
 Begin Bits: [0x0000000015090000, 0x0000000016890000)
 End Bits:   [0x0000000016890000, 0x0000000018090000)

Polling page: 0x0000000002cc0000

CodeCache: size=245760Kb used=94317Kb max_used=94331Kb free=151442Kb
 bounds [0x0000000004fc0000, 0x000000000ac80000, 0x0000000013fc0000]
 total_blobs=24579 nmethods=23732 adapters=759
 compilation: enabled

Compilation events (10 events):
Event: 9008.164 Thread 0x000000001ac7c000 33310       4       com.google.common.collect.AbstractMapBasedMultimap$WrappedList::get (15 bytes)
Event: 9008.169 Thread 0x000000001ac7c000 nmethod 33310 0x000000000ac644d0 code [0x000000000ac64640, 0x000000000ac648e8]
Event: 9008.169 Thread 0x000000001ac7c000 33311       4       com.google.common.collect.AbstractMapBasedMultimap$KeySet$1::next (26 bytes)
Event: 9008.172 Thread 0x000000001ac7c000 nmethod 33311 0x000000000ac70890 code [0x000000000ac709e0, 0x000000000ac70c58]
Event: 9008.172 Thread 0x000000001ac7c000 33309       4       com.google.common.collect.ArrayListMultimap::putAll (7 bytes)
Event: 9008.173 Thread 0x000000001ac7c000 nmethod 33309 0x0000000007aaf8d0 code [0x0000000007aafa20, 0x0000000007aafaa8]
Event: 9008.173 Thread 0x000000001ac7c000 33302       4       com.android.ide.common.resources.configuration.LocaleQualifier::getQualifier (181 bytes)
Event: 9008.181 Thread 0x000000001ac7c000 nmethod 33302 0x000000000ac6e0d0 code [0x000000000ac6e2c0, 0x000000000ac6eb50]
Event: 9008.183 Thread 0x0000000018d8b800 nmethod 33294 0x000000000ac76550 code [0x000000000ac768e0, 0x000000000ac78778]
Event: 9008.186 Thread 0x000000001ac7c000 33313   !   4       java.io.ObjectStreamClass::lookup (335 bytes)

GC Heap History (10 events):
Event: 7997.927 GC heap before
{Heap before GC invocations=154 (full 5):
 PSYoungGen      total 446464K, used 415635K [0x00000000e0000000, 0x00000000ffd80000, 0x0000000100000000)
  eden space 374272K, 100% used [0x00000000e0000000,0x00000000f6d80000,0x00000000f6d80000)
  from space 72192K, 57% used [0x00000000fb700000,0x00000000fdf64c58,0x00000000ffd80000)
  to   space 73728K, 0% used [0x00000000f6d80000,0x00000000f6d80000,0x00000000fb580000)
 ParOldGen       total 264704K, used 109396K [0x00000000a0000000, 0x00000000b0280000, 0x00000000e0000000)
  object space 264704K, 41% used [0x00000000a0000000,0x00000000a6ad5218,0x00000000b0280000)
 Metaspace       used 89258K, capacity 99554K, committed 101652K, reserved 1136640K
  class space    used 11101K, capacity 13727K, committed 14140K, reserved 1048576K
Event: 7997.947 GC heap after
Heap after GC invocations=154 (full 5):
 PSYoungGen      total 448000K, used 48497K [0x00000000e0000000, 0x0000000100000000, 0x0000000100000000)
  eden space 374272K, 0% used [0x00000000e0000000,0x00000000e0000000,0x00000000f6d80000)
  from space 73728K, 65% used [0x00000000f6d80000,0x00000000f9cdc440,0x00000000fb580000)
  to   space 76288K, 0% used [0x00000000fb580000,0x00000000fb580000,0x0000000100000000)
 ParOldGen       total 264704K, used 109404K [0x00000000a0000000, 0x00000000b0280000, 0x00000000e0000000)
  object space 264704K, 41% used [0x00000000a0000000,0x00000000a6ad7218,0x00000000b0280000)
 Metaspace       used 89258K, capacity 99554K, committed 101652K, reserved 1136640K
  class space    used 11101K, capacity 13727K, committed 14140K, reserved 1048576K
}
Event: 8927.754 GC heap before
{Heap before GC invocations=155 (full 5):
 PSYoungGen      total 448000K, used 422769K [0x00000000e0000000, 0x0000000100000000, 0x0000000100000000)
  eden space 374272K, 100% used [0x00000000e0000000,0x00000000f6d80000,0x00000000f6d80000)
  from space 73728K, 65% used [0x00000000f6d80000,0x00000000f9cdc440,0x00000000fb580000)
  to   space 76288K, 0% used [0x00000000fb580000,0x00000000fb580000,0x0000000100000000)
 ParOldGen       total 264704K, used 109404K [0x00000000a0000000, 0x00000000b0280000, 0x00000000e0000000)
  object space 264704K, 41% used [0x00000000a0000000,0x00000000a6ad7218,0x00000000b0280000)
 Metaspace       used 89303K, capacity 99678K, committed 101652K, reserved 1136640K
  class space    used 11112K, capacity 13767K, committed 14140K, reserved 1048576K
Event: 8927.801 GC heap after
Heap after GC invocations=155 (full 5):
 PSYoungGen      total 428544K, used 68865K [0x00000000e0000000, 0x0000000100000000, 0x0000000100000000)
  eden space 352256K, 0% used [0x00000000e0000000,0x00000000e0000000,0x00000000f5800000)
  from space 76288K, 90% used [0x00000000fb580000,0x00000000ff8c0468,0x0000000100000000)
  to   space 86016K, 0% used [0x00000000f5800000,0x00000000f5800000,0x00000000fac00000)
 ParOldGen       total 264704K, used 109508K [0x00000000a0000000, 0x00000000b0280000, 0x00000000e0000000)
  object space 264704K, 41% used [0x00000000a0000000,0x00000000a6af1218,0x00000000b0280000)
 Metaspace       used 89303K, capacity 99678K, committed 101652K, reserved 1136640K
  class space    used 11112K, capacity 13767K, committed 14140K, reserved 1048576K
}
Event: 8932.099 GC heap before
{Heap before GC invocations=156 (full 5):
 PSYoungGen      total 428544K, used 421121K [0x00000000e0000000, 0x0000000100000000, 0x0000000100000000)
  eden space 352256K, 100% used [0x00000000e0000000,0x00000000f5800000,0x00000000f5800000)
  from space 76288K, 90% used [0x00000000fb580000,0x00000000ff8c0468,0x0000000100000000)
  to   space 86016K, 0% used [0x00000000f5800000,0x00000000f5800000,0x00000000fac00000)
 ParOldGen       total 264704K, used 109508K [0x00000000a0000000, 0x00000000b0280000, 0x00000000e0000000)
  object space 264704K, 41% used [0x00000000a0000000,0x00000000a6af1218,0x00000000b0280000)
 Metaspace       used 89303K, capacity 99678K, committed 101652K, reserved 1136640K
  class space    used 11112K, capacity 13767K, committed 14140K, reserved 1048576K
Event: 8932.111 GC heap after
Heap after GC invocations=156 (full 5):
 PSYoungGen      total 355840K, used 15255K [0x00000000e0000000, 0x00000000ff080000, 0x0000000100000000)
  eden space 340480K, 0% used [0x00000000e0000000,0x00000000e0000000,0x00000000f4c80000)
  from space 15360K, 99% used [0x00000000f5800000,0x00000000f66e5f78,0x00000000f6700000)
  to   space 83968K, 0% used [0x00000000f9e80000,0x00000000f9e80000,0x00000000ff080000)
 ParOldGen       total 264704K, used 109668K [0x00000000a0000000, 0x00000000b0280000, 0x00000000e0000000)
  object space 264704K, 41% used [0x00000000a0000000,0x00000000a6b19218,0x00000000b0280000)
 Metaspace       used 89303K, capacity 99678K, committed 101652K, reserved 1136640K
  class space    used 11112K, capacity 13767K, committed 14140K, reserved 1048576K
}
Event: 8934.310 GC heap before
{Heap before GC invocations=157 (full 5):
 PSYoungGen      total 355840K, used 355735K [0x00000000e0000000, 0x00000000ff080000, 0x0000000100000000)
  eden space 340480K, 100% used [0x00000000e0000000,0x00000000f4c80000,0x00000000f4c80000)
  from space 15360K, 99% used [0x00000000f5800000,0x00000000f66e5f78,0x00000000f6700000)
  to   space 83968K, 0% used [0x00000000f9e80000,0x00000000f9e80000,0x00000000ff080000)
 ParOldGen       total 264704K, used 109668K [0x00000000a0000000, 0x00000000b0280000, 0x00000000e0000000)
  object space 264704K, 41% used [0x00000000a0000000,0x00000000a6b19218,0x00000000b0280000)
 Metaspace       used 89322K, capacity 99692K, committed 101652K, reserved 1136640K
  class space    used 11114K, capacity 13769K, committed 14140K, reserved 1048576K
Event: 8934.328 GC heap after
Heap after GC invocations=157 (full 5):
 PSYoungGen      total 428544K, used 28762K [0x00000000e0000000, 0x0000000100000000, 0x0000000100000000)
  eden space 344576K, 0% used [0x00000000e0000000,0x00000000e0000000,0x00000000f5080000)
  from space 83968K, 34% used [0x00000000f9e80000,0x00000000fba968e0,0x00000000ff080000)
  to   space 79872K, 0% used [0x00000000f5080000,0x00000000f5080000,0x00000000f9e80000)
 ParOldGen       total 264704K, used 109947K [0x00000000a0000000, 0x00000000b0280000, 0x00000000e0000000)
  object space 264704K, 41% used [0x00000000a0000000,0x00000000a6b5ef68,0x00000000b0280000)
 Metaspace       used 89322K, capacity 99692K, committed 101652K, reserved 1136640K
  class space    used 11114K, capacity 13769K, committed 14140K, reserved 1048576K
}
Event: 9003.685 GC heap before
{Heap before GC invocations=158 (full 5):
 PSYoungGen      total 428544K, used 373338K [0x00000000e0000000, 0x0000000100000000, 0x0000000100000000)
  eden space 344576K, 100% used [0x00000000e0000000,0x00000000f5080000,0x00000000f5080000)
  from space 83968K, 34% used [0x00000000f9e80000,0x00000000fba968e0,0x00000000ff080000)
  to   space 79872K, 0% used [0x00000000f5080000,0x00000000f5080000,0x00000000f9e80000)
 ParOldGen       total 264704K, used 109947K [0x00000000a0000000, 0x00000000b0280000, 0x00000000e0000000)
  object space 264704K, 41% used [0x00000000a0000000,0x00000000a6b5ef68,0x00000000b0280000)
 Metaspace       used 89432K, capacity 99938K, committed 102036K, reserved 1136640K
  class space    used 11137K, capacity 13850K, committed 14268K, reserved 1048576K
Event: 9003.699 GC heap after
Heap after GC invocations=158 (full 5):
 PSYoungGen      total 345088K, used 12042K [0x00000000e0000000, 0x00000000fdf00000, 0x0000000100000000)
  eden space 332800K, 0% used [0x00000000e0000000,0x00000000e0000000,0x00000000f4500000)
  from space 12288K, 98% used [0x00000000f5080000,0x00000000f5c42a68,0x00000000f5c80000)
  to   space 78848K, 0% used [0x00000000f9200000,0x00000000f9200000,0x00000000fdf00000)
 ParOldGen       total 264704K, used 110587K [0x00000000a0000000, 0x00000000b0280000, 0x00000000e0000000)
  object space 264704K, 41% used [0x00000000a0000000,0x00000000a6bfef68,0x00000000b0280000)
 Metaspace       used 89432K, capacity 99938K, committed 102036K, reserved 1136640K
  class space    used 11137K, capacity 13850K, committed 14268K, reserved 1048576K
}

Deoptimization events (10 events):
Event: 7328.823 Thread 0x0000000023188000 Uncommon trap: reason=bimorphic action=maybe_recompile pc=0x000000000a108b70 method=com.android.dx.cf.code.Merger.mergeType(Lcom/android/dx/rop/type/TypeBearer;Lcom/android/dx/rop/type/TypeBearer;)Lcom/android/dx/rop/type/TypeBearer; @ 28
Event: 7861.135 Thread 0x00000000224fa800 Uncommon trap: reason=array_check action=maybe_recompile pc=0x000000000a99ed68 method=java.util.ComparableTimSort.mergeLo(IIII)V @ 465
Event: 8933.748 Thread 0x00000000220d2000 Uncommon trap: reason=unstable_if action=reinterpret pc=0x0000000007615798 method=java.lang.ref.SoftReference.get()Ljava/lang/Object; @ 6
Event: 8933.748 Thread 0x00000000220d2000 Uncommon trap: reason=class_check action=maybe_recompile pc=0x000000000a5e2914 method=java.util.jar.Manifest$FastInputStream.fill()V @ 24
Event: 8942.194 Thread 0x000000001c195000 Uncommon trap: reason=null_check action=make_not_entrant pc=0x000000000ab8ddd0 method=org.apache.tools.ant.PropertyHelper.add(Lorg/apache/tools/ant/PropertyHelper$Delegate;)V @ 46
Event: 8942.195 Thread 0x000000001c195000 Uncommon trap: reason=unstable_if action=reinterpret pc=0x000000000abd2ed0 method=com.google.wireless.android.sdk.stats.GarbageCollectionStats$Builder.maybeForceBuilderInitialization()V @ 3
Event: 9002.467 Thread 0x000000002692b800 Uncommon trap: reason=unstable_if action=reinterpret pc=0x000000000a76c840 method=java.lang.ref.SoftReference.get()Ljava/lang/Object; @ 6
Event: 9002.467 Thread 0x000000002692b800 Uncommon trap: reason=unstable_if action=reinterpret pc=0x000000000ac1d8b4 method=java.util.concurrent.ConcurrentHashMap.replaceNode(Ljava/lang/Object;Ljava/lang/Object;Ljava/lang/Object;)Ljava/lang/Object; @ 136
Event: 9002.468 Thread 0x000000002692b800 Uncommon trap: reason=unstable_if action=reinterpret pc=0x000000000989eee4 method=java.lang.ref.SoftReference.get()Ljava/lang/Object; @ 6
Event: 9007.974 Thread 0x00000000220cb800 Uncommon trap: reason=bimorphic action=maybe_recompile pc=0x00000000057a7e78 method=org.gradle.api.internal.changedetection.state.AbstractNormalizedFileSnapshot.compareTo(Lorg/gradle/api/internal/changedetection/state/NormalizedFileSnapshot;)I @ 1

Classes redefined (0 events):
No events

Internal exceptions (10 events):
Event: 9003.053 Thread 0x000000001c195000 Exception <a 'sun/nio/fs/WindowsException'> (0x00000000f48ad0e8) thrown at [D:\src\AOSP-openjdk-cygwin\jdk8u\hotspot\src\share\vm\prims\jni.cpp, line 709]
Event: 9003.053 Thread 0x000000001c195000 Exception <a 'sun/nio/fs/WindowsException'> (0x00000000f48add78) thrown at [D:\src\AOSP-openjdk-cygwin\jdk8u\hotspot\src\share\vm\prims\jni.cpp, line 709]
Event: 9003.054 Thread 0x000000001c195000 Exception <a 'sun/nio/fs/WindowsException'> (0x00000000f48b1390) thrown at [D:\src\AOSP-openjdk-cygwin\jdk8u\hotspot\src\share\vm\prims\jni.cpp, line 709]
Event: 9003.054 Thread 0x000000001c195000 Exception <a 'sun/nio/fs/WindowsException'> (0x00000000f48b1ff8) thrown at [D:\src\AOSP-openjdk-cygwin\jdk8u\hotspot\src\share\vm\prims\jni.cpp, line 709]
Event: 9003.054 Thread 0x000000001c195000 Exception <a 'sun/nio/fs/WindowsException'> (0x00000000f48b4060) thrown at [D:\src\AOSP-openjdk-cygwin\jdk8u\hotspot\src\share\vm\prims\jni.cpp, line 709]
Event: 9003.054 Thread 0x000000001c195000 Exception <a 'sun/nio/fs/WindowsException'> (0x00000000f48b4d08) thrown at [D:\src\AOSP-openjdk-cygwin\jdk8u\hotspot\src\share\vm\prims\jni.cpp, line 709]
Event: 9003.309 Thread 0x000000001c195000 Exception <a 'sun/nio/fs/WindowsException'> (0x00000000f48bed00) thrown at [D:\src\AOSP-openjdk-cygwin\jdk8u\hotspot\src\share\vm\prims\jni.cpp, line 709]
Event: 9003.309 Thread 0x000000001c195000 Exception <a 'sun/nio/fs/WindowsException'> (0x00000000f48bf958) thrown at [D:\src\AOSP-openjdk-cygwin\jdk8u\hotspot\src\share\vm\prims\jni.cpp, line 709]
Event: 9003.309 Thread 0x000000001c195000 Exception <a 'sun/nio/fs/WindowsException'> (0x00000000f48c19c0) thrown at [D:\src\AOSP-openjdk-cygwin\jdk8u\hotspot\src\share\vm\prims\jni.cpp, line 709]
Event: 9003.310 Thread 0x000000001c195000 Exception <a 'sun/nio/fs/WindowsException'> (0x00000000f48c2650) thrown at [D:\src\AOSP-openjdk-cygwin\jdk8u\hotspot\src\share\vm\prims\jni.cpp, line 709]

Events (10 events):
Event: 9004.708 Executing VM operation: RevokeBias
Event: 9004.708 Executing VM operation: RevokeBias done
Event: 9004.733 Executing VM operation: RevokeBias
Event: 9004.733 Executing VM operation: RevokeBias done
Event: 9006.844 Thread 0x000000002692f800 DEOPT PACKING pc=0x0000000007f2d661 sp=0x00000000459fee00
Event: 9006.844 Thread 0x000000002692f800 DEOPT UNPACKING pc=0x00000000050075bf sp=0x00000000459feca0 mode 0
Event: 9007.296 Thread 0x000000002692e000 Thread exited: 0x000000002692e000
Event: 9007.974 Thread 0x00000000220cb800 Uncommon trap: trap_request=0xffffffc6 fr.pc=0x00000000057a7e78
Event: 9007.974 Thread 0x00000000220cb800 DEOPT PACKING pc=0x00000000057a7e78 sp=0x00000000465fd4c0
Event: 9007.975 Thread 0x00000000220cb800 DEOPT UNPACKING pc=0x000000000500556a sp=0x00000000465fd4b0 mode 2


Dynamic libraries:
0x00007ff66f400000 - 0x00007ff66f431000 	H:\Aaron\Android\android-studio\jre\bin\java.exe
0x00007ff9dd890000 - 0x00007ff9dda70000 	C:\WINDOWS\SYSTEM32\ntdll.dll
0x00007ff9dad70000 - 0x00007ff9dae1e000 	C:\WINDOWS\System32\KERNEL32.DLL
0x00007ff9da050000 - 0x00007ff9da2b6000 	C:\WINDOWS\System32\KERNELBASE.dll
0x00007ff9dbe80000 - 0x00007ff9dbf21000 	C:\WINDOWS\System32\ADVAPI32.dll
0x00007ff9db530000 - 0x00007ff9db5cd000 	C:\WINDOWS\System32\msvcrt.dll
0x00007ff9db5d0000 - 0x00007ff9db62b000 	C:\WINDOWS\System32\sechost.dll
0x00007ff9dbd50000 - 0x00007ff9dbe6f000 	C:\WINDOWS\System32\RPCRT4.dll
0x00007ff9db6a0000 - 0x00007ff9db82f000 	C:\WINDOWS\System32\USER32.dll
0x00007ff9dace0000 - 0x00007ff9dad00000 	C:\WINDOWS\System32\win32u.dll
0x00007ff9db1a0000 - 0x00007ff9db1c8000 	C:\WINDOWS\System32\GDI32.dll
0x00007ff9d9c90000 - 0x00007ff9d9e23000 	C:\WINDOWS\System32\gdi32full.dll
0x00007ff9d9fb0000 - 0x00007ff9da04b000 	C:\WINDOWS\System32\msvcp_win.dll
0x00007ff9d9e30000 - 0x00007ff9d9f26000 	C:\WINDOWS\System32\ucrtbase.dll
0x00007ff9d3140000 - 0x00007ff9d33a9000 	C:\WINDOWS\WinSxS\amd64_microsoft.windows.common-controls_6595b64144ccf1df_6.0.16299.125_none_15cbcf8893620c09\COMCTL32.dll
0x00007ff9dae20000 - 0x00007ff9db128000 	C:\WINDOWS\System32\combase.dll
0x00007ff9d9f30000 - 0x00007ff9d9fa2000 	C:\WINDOWS\System32\bcryptPrimitives.dll
0x00007ff9db8d0000 - 0x00007ff9db8fd000 	C:\WINDOWS\System32\IMM32.DLL
0x0000000062a70000 - 0x0000000062b42000 	H:\Aaron\Android\android-studio\jre\jre\bin\msvcr100.dll
0x0000000062c30000 - 0x000000006346e000 	H:\Aaron\Android\android-studio\jre\jre\bin\server\jvm.dll
0x00007ff9db130000 - 0x00007ff9db138000 	C:\WINDOWS\System32\PSAPI.DLL
0x00007ff9d4c10000 - 0x00007ff9d4c19000 	C:\WINDOWS\SYSTEM32\WSOCK32.dll
0x00007ff9d6100000 - 0x00007ff9d6123000 	C:\WINDOWS\SYSTEM32\WINMM.dll
0x00007ff9d4eb0000 - 0x00007ff9d4eba000 	C:\WINDOWS\SYSTEM32\VERSION.dll
0x00007ff9db630000 - 0x00007ff9db69c000 	C:\WINDOWS\System32\WS2_32.dll
0x00007ff9d60d0000 - 0x00007ff9d60fa000 	C:\WINDOWS\SYSTEM32\WINMMBASE.dll
0x00007ff9da490000 - 0x00007ff9da4da000 	C:\WINDOWS\System32\cfgmgr32.dll
0x00007ff9d4370000 - 0x00007ff9d437f000 	H:\Aaron\Android\android-studio\jre\jre\bin\verify.dll
0x00007ff9cf5a0000 - 0x00007ff9cf5c9000 	H:\Aaron\Android\android-studio\jre\jre\bin\java.dll
0x00007ff9cf1a0000 - 0x00007ff9cf1b6000 	H:\Aaron\Android\android-studio\jre\jre\bin\zip.dll
0x00007ff9dc370000 - 0x00007ff9dd7a6000 	C:\WINDOWS\System32\SHELL32.dll
0x00007ff9dd7b0000 - 0x00007ff9dd856000 	C:\WINDOWS\System32\shcore.dll
0x00007ff9da590000 - 0x00007ff9dacd7000 	C:\WINDOWS\System32\windows.storage.dll
0x00007ff9dc310000 - 0x00007ff9dc361000 	C:\WINDOWS\System32\shlwapi.dll
0x00007ff9d9c70000 - 0x00007ff9d9c81000 	C:\WINDOWS\System32\kernel.appcore.dll
0x00007ff9d9be0000 - 0x00007ff9d9c2c000 	C:\WINDOWS\System32\powrprof.dll
0x00007ff9d9c50000 - 0x00007ff9d9c6b000 	C:\WINDOWS\System32\profapi.dll
0x00007ff9cf180000 - 0x00007ff9cf19a000 	H:\Aaron\Android\android-studio\jre\jre\bin\net.dll
0x00007ff9d9470000 - 0x00007ff9d94d6000 	C:\WINDOWS\system32\mswsock.dll
0x00007ff9cefc0000 - 0x00007ff9cefd1000 	H:\Aaron\Android\android-studio\jre\jre\bin\nio.dll
0x00007ff9d6cb0000 - 0x00007ff9d6cce000 	C:\Users\Administrator\.gradle\native\25\windows-amd64\native-platform.dll
0x00007ff9d0140000 - 0x00007ff9d014d000 	H:\Aaron\Android\android-studio\jre\jre\bin\management.dll
0x00007ff9d9630000 - 0x00007ff9d9647000 	C:\WINDOWS\SYSTEM32\CRYPTSP.dll
0x00007ff9d9080000 - 0x00007ff9d90b3000 	C:\WINDOWS\system32\rsaenh.dll
0x00007ff9d9740000 - 0x00007ff9d9765000 	C:\WINDOWS\SYSTEM32\bcrypt.dll
0x00007ff9d9b10000 - 0x00007ff9d9b39000 	C:\WINDOWS\SYSTEM32\USERENV.dll
0x00007ff9d9650000 - 0x00007ff9d965b000 	C:\WINDOWS\SYSTEM32\CRYPTBASE.dll
0x00007ff9d9200000 - 0x00007ff9d9239000 	C:\WINDOWS\SYSTEM32\IPHLPAPI.DLL
0x00007ff9dbe70000 - 0x00007ff9dbe78000 	C:\WINDOWS\System32\NSI.dll
0x00007ff9d6270000 - 0x00007ff9d6286000 	C:\WINDOWS\SYSTEM32\dhcpcsvc6.DLL
0x00007ff9d6190000 - 0x00007ff9d61aa000 	C:\WINDOWS\SYSTEM32\dhcpcsvc.DLL
0x00007ff9dad00000 - 0x00007ff9dad58000 	C:\WINDOWS\System32\WINTRUST.dll
0x00007ff9d9c30000 - 0x00007ff9d9c42000 	C:\WINDOWS\System32\MSASN1.dll
0x00007ff9da2c0000 - 0x00007ff9da48e000 	C:\WINDOWS\System32\CRYPT32.dll
0x00007ff9db3c0000 - 0x00007ff9db3dd000 	C:\WINDOWS\System32\imagehlp.dll

VM Arguments:
jvm_args: -Xmx1536m -Dfile.encoding=GBK -Duser.country=CN -Duser.language=zh -Duser.variant 
java_command: org.gradle.launcher.daemon.bootstrap.GradleDaemon 4.1
java_class_path (initial): C:\Users\Administrator\.gradle\wrapper\dists\gradle-4.1-all\bzyivzo6n839fup2jbap0tjew\gradle-4.1\lib\gradle-launcher-4.1.jar
Launcher Type: SUN_STANDARD

Environment Variables:
JAVA_HOME=C:\Program Files\Java\jdk1.8.0_151
CLASSPATH=.;C:\Program Files\Java\jdk1.8.0_151\lib;C:\Program Files\Java\jdk1.8.0_151\lib\tools.jar
PATH=C:\ProgramData\Oracle\Java\javapath;C:\windows\system32;C:\windows;C:\windows\System32\Wbem;C:\windows\System32\WindowsPowerShell\v1.0\;C:\Program Files (x86)\NVIDIA Corporation\PhysX\Common;C:\Program Files\Java\jdk1.8.0_151\bin;C:\Program Files\Java\jdk1.8.0_151\jre\bin;;C:\WINDOWS\system32;C:\WINDOWS;C:\WINDOWS\System32\Wbem;C:\WINDOWS\System32\WindowsPowerShell\v1.0\;C:\Users\Administrator\AppData\Local\Microsoft\WindowsApps;C:\Users\Administrator\AppData\Local\GitHubDesktop\bin;%USERPROFILE%\AppData\Local\Microsoft\WindowsApps;
USERNAME=Administrator
OS=Windows_NT
PROCESSOR_IDENTIFIER=Intel64 Family 6 Model 60 Stepping 3, GenuineIntel



---------------  S Y S T E M  ---------------

OS: Windows 10.0 , 64 bit Build 16299 (10.0.16299.15)

CPU:total 8 (initial active 8) (4 cores per cpu, 2 threads per core) family 6 model 60 stepping 3, cmov, cx8, fxsr, mmx, sse, sse2, sse3, ssse3, sse4.1, sse4.2, popcnt, avx, avx2, aes, clmul, erms, lzcnt, ht, tsc, tscinvbit, bmi1, bmi2

Memory: 4k page, physical 8339148k(1988032k free), swap 10305228k(1250888k free)

vm_info: OpenJDK 64-Bit Server VM (25.152-b01) for windows-amd64 JRE (1.8.0_152-release-915-b01), built by "builder" with MS VC++ 10.0 (VS2010)

time: Wed Jan 03 22:15:05 2018
elapsed time: 9008 seconds (0d 2h 30m 8s)

